<?xml version="1.0" encoding="UTF-8"?>
<!-- Generated by org.testng.reporters.JUnitReportReporter -->
<testsuite skipped="0" hostname="MININT-UM25UFB" name="com.dollardays.testcases.HomePageB4logintestcase" tests="4" failures="0" timestamp="2020-10-16T16:45:26 EDT" time="87.935" errors="0">
  <testcase name="WishlistimgTest" time="20.716" classname="com.dollardays.testcases.HomePageB4logintestcase"/>
  <system-out/>
  <testcase name="WLLearnMorePageTitleTest" time="22.042" classname="com.dollardays.testcases.HomePageB4logintestcase"/>
  <system-out/>
  <testcase name="CreateawishlistPageTitleTest" time="22.027" classname="com.dollardays.testcases.HomePageB4logintestcase"/>
  <system-out/>
  <testcase name="DonatetodayPageTitleTest" time="23.150" classname="com.dollardays.testcases.HomePageB4logintestcase"/>
  <system-out/>
</testsuite> <!-- com.dollardays.testcases.HomePageB4logintestcase -->
