<?xml version="1.0" encoding="UTF-8"?>
<!-- Generated by org.testng.reporters.JUnitReportReporter -->
<testsuite skipped="0" hostname="MININT-UM25UFB" name="com.dollardays.testcases.DonateTodayTestcase1team8" tests="1" failures="0" timestamp="2020-10-16T16:45:26 EDT" time="22.336" errors="0">
  <testcase name="TC_04_verifyDonateTodayUnderWishlist" time="22.336" classname="com.dollardays.testcases.DonateTodayTestcase1team8"/>
  <system-out/>
</testsuite> <!-- com.dollardays.testcases.DonateTodayTestcase1team8 -->
