<?xml version="1.0" encoding="UTF-8"?>
<!-- Generated by org.testng.reporters.JUnitReportReporter -->
<testsuite skipped="0" hostname="MININT-UM25UFB" name="com.dollardays.testcases.HomePageB4logintestcase" tests="4" failures="0" timestamp="2020-10-07T21:51:03 EDT" time="114.070" errors="0">
  <testcase name="WishlistimgTest" time="26.881" classname="com.dollardays.testcases.HomePageB4logintestcase"/>
  <system-out/>
  <testcase name="WLLearnMorePageTitleTest" time="28.141" classname="com.dollardays.testcases.HomePageB4logintestcase"/>
  <system-out/>
  <testcase name="CreateawishlistPageTitleTest" time="30.042" classname="com.dollardays.testcases.HomePageB4logintestcase"/>
  <system-out/>
  <testcase name="DonatetodayPageTitleTest" time="29.006" classname="com.dollardays.testcases.HomePageB4logintestcase"/>
  <system-out/>
</testsuite> <!-- com.dollardays.testcases.HomePageB4logintestcase -->
