<?xml version="1.0" encoding="UTF-8"?>
<!-- Generated by org.testng.reporters.JUnitReportReporter -->
<testsuite skipped="17" hostname="MININT-UM25UFB" name="com.dollardays.testcases.HomePageTestcaseTeam8" tests="21" failures="0" timestamp="2020-10-16T16:45:26 EDT" time="55.278" errors="1">
  <testcase name="testSchoolSupplies" time="9.694" classname="com.dollardays.testcases.HomePageTestcaseTeam8">
    <skipped/>
  </testcase> <!-- testSchoolSupplies -->
  <system-out/>
  <testcase name="testFlipFlops" time="9.390" classname="com.dollardays.testcases.HomePageTestcaseTeam8">
    <skipped/>
  </testcase> <!-- testFlipFlops -->
  <system-out/>
  <testcase name="testMedicine" time="9.362" classname="com.dollardays.testcases.HomePageTestcaseTeam8">
    <skipped/>
  </testcase> <!-- testMedicine -->
  <system-out/>
  <testcase name="setUpBrowser" time="13.780" classname="com.dollardays.testcases.HomePageTestcaseTeam8">
    <error type="java.lang.Exception" message="Driver Not Found">
      <![CDATA[java.lang.Exception: Driver Not Found
at com.dollardays.testcases.BaseTest.openBrowser(BaseTest.java:95)
at com.dollardays.testcases.BaseTest.setUpBrowser(BaseTest.java:117)
at sun.reflect.GeneratedMethodAccessor5.invoke(Unknown Source)
at sun.reflect.DelegatingMethodAccessorImpl.invoke(DelegatingMethodAccessorImpl.java:43)
at java.lang.reflect.Method.invoke(Method.java:498)
at org.testng.internal.MethodInvocationHelper.invokeMethod(MethodInvocationHelper.java:132)
at org.testng.internal.MethodInvocationHelper.invokeMethodConsideringTimeout(MethodInvocationHelper.java:61)
at org.testng.internal.ConfigInvoker.invokeConfigurationMethod(ConfigInvoker.java:366)
at org.testng.internal.ConfigInvoker.invokeConfigurations(ConfigInvoker.java:320)
at org.testng.internal.TestInvoker.runConfigMethods(TestInvoker.java:701)
at org.testng.internal.TestInvoker.invokeMethod(TestInvoker.java:527)
at org.testng.internal.TestInvoker.invokeTestMethod(TestInvoker.java:174)
at org.testng.internal.MethodRunner.runInSequence(MethodRunner.java:46)
at org.testng.internal.TestInvoker$MethodInvocationAgent.invoke(TestInvoker.java:822)
at org.testng.internal.TestInvoker.invokeTestMethods(TestInvoker.java:147)
at org.testng.internal.TestMethodWorker.invokeTestMethods(TestMethodWorker.java:146)
at org.testng.internal.TestMethodWorker.run(TestMethodWorker.java:128)
at java.util.ArrayList.forEach(ArrayList.java:1259)
at org.testng.TestRunner.privateRun(TestRunner.java:764)
at org.testng.TestRunner.run(TestRunner.java:585)
at org.testng.SuiteRunner.runTest(SuiteRunner.java:384)
at org.testng.SuiteRunner.runSequentially(SuiteRunner.java:378)
at org.testng.SuiteRunner.privateRun(SuiteRunner.java:337)
at org.testng.SuiteRunner.run(SuiteRunner.java:286)
at org.testng.SuiteRunnerWorker.runSuite(SuiteRunnerWorker.java:53)
at org.testng.SuiteRunnerWorker.run(SuiteRunnerWorker.java:96)
at org.testng.TestNG.runSuitesSequentially(TestNG.java:1218)
at org.testng.TestNG.runSuitesLocally(TestNG.java:1140)
at org.testng.TestNG.runSuites(TestNG.java:1069)
at org.testng.TestNG.run(TestNG.java:1037)
at org.testng.remote.AbstractRemoteTestNG.run(AbstractRemoteTestNG.java:115)
at org.testng.remote.RemoteTestNG.initAndRun(RemoteTestNG.java:251)
at org.testng.remote.RemoteTestNG.main(RemoteTestNG.java:77)
]]>
    </error>
  </testcase> <!-- setUpBrowser -->
  <system-out/>
  <testcase name="testForwardBackpacks" time="0.000" classname="com.dollardays.testcases.HomePageTestcaseTeam8">
    <skipped/>
  </testcase> <!-- testForwardBackpacks -->
  <system-out/>
  <testcase name="testPPEGear" time="0.000" classname="com.dollardays.testcases.HomePageTestcaseTeam8">
    <skipped/>
  </testcase> <!-- testPPEGear -->
  <system-out/>
  <testcase name="testKitchenDining" time="0.000" classname="com.dollardays.testcases.HomePageTestcaseTeam8">
    <skipped/>
  </testcase> <!-- testKitchenDining -->
  <system-out/>
  <testcase name="testBabyLink" time="2.839" classname="com.dollardays.testcases.HomePageTestcaseTeam8"/>
  <system-out/>
  <testcase name="testBlankets" time="0.000" classname="com.dollardays.testcases.HomePageTestcaseTeam8">
    <skipped/>
  </testcase> <!-- testBlankets -->
  <system-out/>
  <testcase name="testHygieneKits" time="0.000" classname="com.dollardays.testcases.HomePageTestcaseTeam8">
    <skipped/>
  </testcase> <!-- testHygieneKits -->
  <system-out/>
  <testcase name="testFood" time="0.000" classname="com.dollardays.testcases.HomePageTestcaseTeam8">
    <skipped/>
  </testcase> <!-- testFood -->
  <system-out/>
  <testcase name="testShoes" time="0.000" classname="com.dollardays.testcases.HomePageTestcaseTeam8">
    <skipped/>
  </testcase> <!-- testShoes -->
  <system-out/>
  <testcase name="testCleaningSupplies" time="0.000" classname="com.dollardays.testcases.HomePageTestcaseTeam8">
    <skipped/>
  </testcase> <!-- testCleaningSupplies -->
  <system-out/>
  <testcase name="testBigBoxSchoolSupplies" time="7.299" classname="com.dollardays.testcases.HomePageTestcaseTeam8"/>
  <system-out/>
  <testcase name="testKidsClothing" time="0.000" classname="com.dollardays.testcases.HomePageTestcaseTeam8">
    <skipped/>
  </testcase> <!-- testKidsClothing -->
  <system-out/>
  <testcase name="testElectronics" time="0.000" classname="com.dollardays.testcases.HomePageTestcaseTeam8">
    <skipped/>
  </testcase> <!-- testElectronics -->
  <system-out/>
  <testcase name="testBackpack" time="2.914" classname="com.dollardays.testcases.HomePageTestcaseTeam8"/>
  <system-out/>
  <testcase name="testOralCare" time="0.000" classname="com.dollardays.testcases.HomePageTestcaseTeam8">
    <skipped/>
  </testcase> <!-- testOralCare -->
  <system-out/>
  <testcase name="tetsTravelSize" time="0.000" classname="com.dollardays.testcases.HomePageTestcaseTeam8">
    <skipped/>
  </testcase> <!-- tetsTravelSize -->
  <system-out/>
  <testcase name="testFirstAid" time="0.000" classname="com.dollardays.testcases.HomePageTestcaseTeam8">
    <skipped/>
  </testcase> <!-- testFirstAid -->
  <system-out/>
  <testcase name="testToysGames" time="0.000" classname="com.dollardays.testcases.HomePageTestcaseTeam8">
    <skipped/>
  </testcase> <!-- testToysGames -->
  <system-out/>
</testsuite> <!-- com.dollardays.testcases.HomePageTestcaseTeam8 -->
