<?xml version="1.0" encoding="UTF-8"?>
<!-- Generated by org.testng.reporters.JUnitReportReporter -->
<testsuite skipped="0" hostname="MININT-UM25UFB" name="com.dollardays.testcases.WishlistPageB4loginTestcase" tests="19" failures="1" timestamp="2020-10-16T16:45:26 EDT" time="385.991" errors="0">
  <testcase name="verifyCreateawishlistbtn" time="18.996" classname="com.dollardays.testcases.WishlistPageB4loginTestcase"/>
  <system-out/>
  <testcase name="InspectAnnArborPublicSchoolsadDonatenowbtn" time="17.703" classname="com.dollardays.testcases.WishlistPageB4loginTestcase"/>
  <system-out/>
  <testcase name="InspectEdicationreliefpacksadDonatenowbtn" time="17.781" classname="com.dollardays.testcases.WishlistPageB4loginTestcase"/>
  <system-out/>
  <testcase name="InspectPolkcountrymidschooladDonatenowbtn" time="15.401" classname="com.dollardays.testcases.WishlistPageB4loginTestcase">
    <failure type="java.lang.AssertionError" message="expected [Wish List for Polk County Middle School 7th Grade] but found [Wish List for Coalition of Concerned Medical Professionals]">
      <![CDATA[java.lang.AssertionError: expected [Wish List for Polk County Middle School 7th Grade] but found [Wish List for Coalition of Concerned Medical Professionals]
at org.testng.Assert.fail(Assert.java:99)
at org.testng.Assert.failNotEquals(Assert.java:1037)
at org.testng.Assert.assertEqualsImpl(Assert.java:140)
at org.testng.Assert.assertEquals(Assert.java:122)
at org.testng.Assert.assertEquals(Assert.java:629)
at org.testng.Assert.assertEquals(Assert.java:639)
at com.dollardays.testcases.WishlistPageB4loginTestcase.InspectPolkcountrymidschooladDonatenowbtn(WishlistPageB4loginTestcase.java:128)
at sun.reflect.NativeMethodAccessorImpl.invoke0(Native Method)
at sun.reflect.NativeMethodAccessorImpl.invoke(NativeMethodAccessorImpl.java:62)
at sun.reflect.DelegatingMethodAccessorImpl.invoke(DelegatingMethodAccessorImpl.java:43)
at java.lang.reflect.Method.invoke(Method.java:498)
at org.testng.internal.MethodInvocationHelper.invokeMethod(MethodInvocationHelper.java:132)
at org.testng.internal.TestInvoker.invokeMethod(TestInvoker.java:599)
at org.testng.internal.TestInvoker.invokeTestMethod(TestInvoker.java:174)
at org.testng.internal.MethodRunner.runInSequence(MethodRunner.java:46)
at org.testng.internal.TestInvoker$MethodInvocationAgent.invoke(TestInvoker.java:822)
at org.testng.internal.TestInvoker.invokeTestMethods(TestInvoker.java:147)
at org.testng.internal.TestMethodWorker.invokeTestMethods(TestMethodWorker.java:146)
at org.testng.internal.TestMethodWorker.run(TestMethodWorker.java:128)
at java.util.ArrayList.forEach(ArrayList.java:1259)
at org.testng.TestRunner.privateRun(TestRunner.java:764)
at org.testng.TestRunner.run(TestRunner.java:585)
at org.testng.SuiteRunner.runTest(SuiteRunner.java:384)
at org.testng.SuiteRunner.runSequentially(SuiteRunner.java:378)
at org.testng.SuiteRunner.privateRun(SuiteRunner.java:337)
at org.testng.SuiteRunner.run(SuiteRunner.java:286)
at org.testng.SuiteRunnerWorker.runSuite(SuiteRunnerWorker.java:53)
at org.testng.SuiteRunnerWorker.run(SuiteRunnerWorker.java:96)
at org.testng.TestNG.runSuitesSequentially(TestNG.java:1218)
at org.testng.TestNG.runSuitesLocally(TestNG.java:1140)
at org.testng.TestNG.runSuites(TestNG.java:1069)
at org.testng.TestNG.run(TestNG.java:1037)
at org.testng.remote.AbstractRemoteTestNG.run(AbstractRemoteTestNG.java:115)
at org.testng.remote.RemoteTestNG.initAndRun(RemoteTestNG.java:251)
at org.testng.remote.RemoteTestNG.main(RemoteTestNG.java:77)
]]>
    </failure>
  </testcase> <!-- InspectPolkcountrymidschooladDonatenowbtn -->
  <system-out/>
  <testcase name="VerifyCityStateandorzipcodefieldfunctionalityInvaliddata" time="18.205" classname="com.dollardays.testcases.WishlistPageB4loginTestcase"/>
  <system-out/>
  <testcase name="VerifyCityStateandorzipcodefieldfunctionalityInvaliddata" time="18.405" classname="com.dollardays.testcases.WishlistPageB4loginTestcase"/>
  <system-out/>
  <testcase name="VerifyCityStateandorzipcodefieldfunctionalityInvaliddata" time="18.442" classname="com.dollardays.testcases.WishlistPageB4loginTestcase"/>
  <system-out/>
  <testcase name="VerifysearchbyorganizationtextfieldfunctionalityInvaliddata" time="19.180" classname="com.dollardays.testcases.WishlistPageB4loginTestcase"/>
  <system-out/>
  <testcase name="VerifysearchbyorganizationtextfieldfunctionalityInvaliddata" time="19.370" classname="com.dollardays.testcases.WishlistPageB4loginTestcase"/>
  <system-out/>
  <testcase name="VerifysearchbyorganizationtextfieldfunctionalityInvaliddata" time="19.801" classname="com.dollardays.testcases.WishlistPageB4loginTestcase"/>
  <system-out/>
  <testcase name="VerifysearchbyorganizationtextfieldfunctionalityInvaliddata" time="19.221" classname="com.dollardays.testcases.WishlistPageB4loginTestcase"/>
  <system-out/>
  <testcase name="VerifysearchbyorganizationtextfieldfunctionalityInvaliddata" time="19.037" classname="com.dollardays.testcases.WishlistPageB4loginTestcase"/>
  <system-out/>
  <testcase name="VerifysearchbyorganizationtextfieldfunctionalityInvaliddata" time="18.615" classname="com.dollardays.testcases.WishlistPageB4loginTestcase"/>
  <system-out/>
  <testcase name="VerifyCityStateandorzipcodefieldfunctionalityvaliddata" time="24.102" classname="com.dollardays.testcases.WishlistPageB4loginTestcase"/>
  <system-out/>
  <testcase name="VerifyCityStateandorzipcodefieldfunctionalityvaliddata" time="24.408" classname="com.dollardays.testcases.WishlistPageB4loginTestcase"/>
  <system-out/>
  <testcase name="VerifyCityStateandorzipcodefieldfunctionalityvaliddata" time="23.895" classname="com.dollardays.testcases.WishlistPageB4loginTestcase"/>
  <system-out/>
  <testcase name="VerifyCityStateandorzipcodefieldfunctionalityvaliddata" time="24.406" classname="com.dollardays.testcases.WishlistPageB4loginTestcase"/>
  <system-out/>
  <testcase name="VerifyCityStateandorzipcodefieldfunctionalityvaliddata" time="24.511" classname="com.dollardays.testcases.WishlistPageB4loginTestcase"/>
  <system-out/>
  <testcase name="VerifyCityStateandorzipcodefieldfunctionalityvaliddata" time="24.512" classname="com.dollardays.testcases.WishlistPageB4loginTestcase"/>
  <system-out/>
</testsuite> <!-- com.dollardays.testcases.WishlistPageB4loginTestcase -->
